
--- Job 8_step_1408.gms Start 08/16/22 16:09:06 27.2.0 r944b73f WEX-WEI x86 64bit/MS Windows
--- GAMS Parameters defined
    Input C:\Users\zhangx\Desktop\PSA\Hybrid PSA\GAMS 2\14.08.2022\8_step_1408.gms
    PageWidth 80
    PageSize 0
    PageContr 3
    Action CE
    ScrDir C:\Users\zhangx\Documents\gamsdir\projdir\225a\
    SysDir C:\Program Files\GAMS\win64\27.2\
    WorkDir C:\Users\zhangx\Documents\gamsdir\projdir\
    LogOption 3
    DFormat 0
    TFormat 0
    ErrorLog 99
    IDE 1
GAMS 27.2.0   Copyright (C) 1987-2019 GAMS Development. All rights reserved
Licensee: Small MUD - 5 User License                     S190613/0001AP-GEN
          Max-Planck Institut fuer Dynamik komplexer, technischer SysDC3422
          License for teaching and research at degree granting institutions
          License Admin: Gerrit Danker, danker@mpi-magdeburg.mpg.de        
--- Starting compilation
--- 8_step_1408.gms(40) 3 Mb
--- call del 8_step_PSA_1408.gdx
--- 8_step_1408.gms(41) 3 Mb
--- call GDXXRW I=8_step_PSA_1408.xlsx O=8_step_PSA_1408.gdx Index=In_index!A1

GDXXRW           27.2.0 r944b73f Released May 23, 2019 VS8 x86 32bit/MS Window
Input file : C:\Users\zhangx\Documents\gamsdir\projdir\8_step_PSA_1408.xlsx
Output file: C:\Users\zhangx\Documents\gamsdir\projdir\8_step_PSA_1408.gdx
Substituting Index
Total time = 1515 Ms
--- 8_step_1408.gms(43) 3 Mb
--- GDXin=C:\Users\zhangx\Documents\gamsdir\projdir\8_step_PSA_1408.gdx
--- 8_step_1408.gms(562) 3 Mb
--- Starting execution: elapsed 0:00:01.727
--- 8_step_1408.gms(552) 5 Mb
--- Generating NLP model PSA
--- 8_step_1408.gms(554) 13 Mb
---   12,195 rows  12,160 columns  63,085 non-zeroes
---   171,577 nl-code  49,337 nl-non-zeroes
--- 8_step_1408.gms(554) 10 Mb
--- Executing CONOPT4: elapsed 0:00:01.788

CONOPT 4         27.2.0 r944b73f Released May 23, 2019 WEI x86 64bit/MS Window
 
 
    C O N O P T   version 4.12
    Copyright (C) ARKI Consulting and Development A/S
                  Bagsvaerdvej 246 A
                  DK-2880 Bagsvaerd, Denmark
    Licensed to:  GAMS/CONOPT OEM License
 
 
    The user model has 12195 constraints and 12160 variables
    with 63085 Jacobian elements, 49337 of which are nonlinear.
 
    Iter Phase   Ninf   Infeasibility   RGmax      NSB   Step  InItr MX OK
       0   0          5.9860995970E+07 (Input point)
 
    The pre-triangular part of the model has 191 constraints and 152 variables.
    The post-triangular part of the model has 356 constraints and variables.
    There are 6744 definitional constraints and defined variables.
 
    Preprocessed model has 4904 constraints and 4908 variables
    with 40125 Jacobian elements, 36694 of which are nonlinear.
 
    Iter Phase   Ninf   Infeasibility   RGmax      NSB   Step  InItr MX OK
                      5.9820138702E+07 (Full preprocessed model)
                      1.8833384742E+02 (After scaling)
                      6.4816922034E+01 (After adjusting individual variables)
       1   0       0  6.2808360870E+01                 1.0E+00    22 T  T
       2  S0       0  6.4552913648E+01                 1.0E+00    27 T  T
       3  S0       0  6.1542562152E+01                 1.0E+00    26 T  T
       4   0       0  5.0639836294E+01                 1.0E+00    26 T  T
       5  S0       0  4.6604222009E+01                 1.0E+00    29 T  T
       6  S0       0  4.4336901664E+01                 1.0E+00    33 T  T
       7  S0       0  4.4518366088E+01                 1.0E+00    35 T  T
 
    Iter Phase   Ninf   Infeasibility   RGmax      NSB   Step  InItr MX OK
       8  S0       0  3.9065499311E+01                 1.0E+00    27 T  T
       9  S0       0  3.1390688293E+01                 1.0E+00    22 T  T
      10   0       0  1.9999385727E+01                 1.0E+00    11 T  T
      11  S0       0  1.2126596875E+01                 1.0E+00    11 T  T
      12  S0       0  7.9983475535E+00                 1.0E+00    11 T  T
      13   0       0  3.5630470591E+00                 1.0E+00     3 T  T
      14  S0       0  3.5313889604E+00                 5.0E-01    27 F  F
      15   0       0  3.5037461075E+00                 2.5E-01     4 F  F
      16  S0       0  3.4789086009E+00                 2.5E-01     8 F  F
      17   0       0  3.3661992772E+00                 1.0E+00    14 T  T
 
    Iter Phase   Ninf   Infeasibility   RGmax      NSB   Step  InItr MX OK
      18   0       0  3.3612756720E+00                 1.0E+00     1 T  T
      19   0       0  3.3520867590E+00                 1.0E+00     1 T  T
      20  S0       0  3.3507544531E+00                 1.0E+00     1 T  T
      21   0       0  3.3507544241E+00                 1.0E+00     1 T  T
      22   1     978  3.1626189461E+00 2.3E+04    1312 9.4E-01    25 T  T
      23   1     549  3.1066464774E+00 2.6E+06     442 1.0E+00    25 T  T
      24   1     517  2.8775041979E+00 1.3E+02      83 9.9E-01    30 T  T
      25   1     507  2.8420512383E+00 1.3E+03      82 6.6E-01    29 F  T
      26   1     489  2.8420485865E+00 1.0E+03      19 1.0E+00    25 T  T
      27   1     457  2.8417349682E+00 1.0E+04      34 1.0E+00    50 T  T
 
    Iter Phase   Ninf   Infeasibility   RGmax      NSB   Step  InItr MX OK
      28   1     390  2.8335596539E+00 7.9E+02      98 1.0E+00   100 T  T
      29   1     389  2.7828604301E+00 1.6E+06     215 5.0E-01   196 T  T
      30   1     218  2.7201596475E+00 1.6E+02     201 1.0E+00   138 T  T
      31   1     218  2.4912409100E+00 1.1E+05     112 8.5E-01   138 F  F
      32   1     182  2.4780618167E+00 8.3E+01      39 1.0E+00    69 T  T
      33   1     182  2.4369479253E+00 3.3E+02      46 8.9E-01   138 F  F
      34   1     152  2.4077665940E+00 1.4E+02      37 1.0E+00    69 T  T
      35   1     151  2.3612078635E+00 2.0E+05      33 2.4E-01    90 T  T
      36   1     133  2.1937332926E+00 2.7E+04      25 1.0E+00    45 T  T
      37   1     133  2.1037792568E+00 2.0E+02      22 8.3E-01    45 T  T
 
    Iter Phase   Ninf   Infeasibility   RGmax      NSB   Step  InItr MX OK
      38   1     133  2.0312131666E+00 3.4E+01      37 5.9E-01    41 F  F
      39   1     118  2.0021999387E+00 6.7E+02      19 1.0E+00    25 T  T
      40   1     109  1.9753147077E+00 8.6E+00      77 1.0E+00    29 T  T
      41   1      96  1.8713431114E+00 1.9E+01      79 1.0E+00    29 T  T
      42   1      95  1.7821738280E+00 2.5E+02      67 6.0E-01    29 T  T
      43   1      94  1.6586635574E+00 9.1E+02      67 8.3E-01    25 T  T
      44   1      94  1.4868793909E+00 8.2E+01      74 8.5E-01    25 F  F
      45   1      84  1.4690039221E+00 2.8E+02      80 1.0E+00    25 T  T
      46   1      83  1.3387579548E+00 9.4E+03      72 8.6E-01    47 T  T
      47   1      82  1.1285783543E+00 2.9E+01      76 9.7E-01    43 T  T
 
    Iter Phase   Ninf   Infeasibility   RGmax      NSB   Step  InItr MX OK
      48   1      51  1.0477067479E+00 4.5E+01      77 1.0E+00    42 T  T
      49   1      51  9.6658278391E-01 3.5E+00      46 7.6E-01    42 T  T
      50   1      51  7.6910516218E-01 2.6E+01      53 6.9E-01    36 F  F
      51   1      40  6.7582483228E-01 1.1E+02      54 1.0E+00    25 T  T
      52   1      40  5.3237549521E-01 1.4E+02      43 1.0E+00    30 T  T
      53   1      36  4.0539218735E-01 8.4E+00      43 1.0E+00    27 T  T
      54   1      34  3.2409238110E-01 3.3E+01      38 1.0E+00    30 T  T
      55   1      28  2.5975246047E-01 1.5E+03      36 1.0E+00    29 T  T
      56   1      24  2.1493159452E-01 1.7E+05      31 1.0E+00    30 T  T
      57   1      21  1.9369075303E-01 4.4E+05      27 1.0E+00    30 T  T
 
    Iter Phase   Ninf   Infeasibility   RGmax      NSB   Step  InItr MX OK
      58   1      13  1.4394663183E-01 1.3E+00      24 1.0E+00    15 T  T
      59   1      11  1.0110839848E-01 8.4E-01      17 1.0E+00    10 T  T
      60   1      10  6.5495954640E-02 1.3E+00      15 1.0E+00     8 T  T
      61   1       5  3.4869605291E-02 1.0E+00      15 1.0E+00     7 T  T
      62   1       3  1.0443158590E-02 1.3E+00      10 1.0E+00     4 T  T
      63   1       2  4.0365800262E-04 1.4E+00       3 1.0E+00     3 T  T
      64   1       1  1.9597508150E-05 1.0E+00       1 1.0E+00     1 T  T
 
 ** Feasible solution. Value of objective =   -20.2777319323
 
    Iter Phase   Ninf     Objective     RGmax      NSB   Step  InItr MX OK
      65   3         -2.9223314852E+01 5.8E+02       8 5.5E-02     7 F  F
      66   3         -4.8196660954E+01 5.5E+02       8 1.1E-01    14 F  F
      67   3         -1.4108161027E+02 2.0E+02       8 9.5E-01     8 F  F
      68   3         -1.4524641829E+02 2.5E+02       8 3.6E-01    15 F  F
      69   3         -1.5390234136E+02 2.4E+02       8 1.0E+00    13 T  T
      70   3         -1.5437027398E+02 4.7E+01       5 1.3E-01     7 F  T
      71   3         -1.5447021083E+02 3.8E+01       5 4.6E-01     7 F  T
      72   4         -1.6117179038E+02 4.1E+01       6 1.0E+00     7 T  T
      73   4         -1.6161182447E+02 7.2E+00       3 1.0E+00     2 F  T
      74   4         -1.6161852055E+02 7.0E-01       3 1.0E+00     3 F  T
 
    Iter Phase   Ninf     Objective     RGmax      NSB   Step  InItr MX OK
      75   4         -1.6161852100E+02 5.6E-03       3 1.0E+00     2 F  T
      76   4         -1.6161852100E+02 2.2E-06       3 1.0E+00     2 F  T
      77   4         -1.6161852100E+02 2.5E-08       3
 
 ** Optimal solution. Reduced gradient less than tolerance.
 
--- Restarting execution
--- 8_step_1408.gms(554) 4 Mb
--- Reading solution for model PSA
--- 8_step_1408.gms(554) 4 Mb
*** Status: Normal completion
--- Job 8_step_1408.gms Stop 08/16/22 16:09:27 elapsed 0:00:21.658
